2024-11-19 17:26:32.612 [main] INFO  listener.Listener - Test case started : Suite running
2024-11-19 17:26:32.630 [main] INFO  baseClass.BaseClass - Before suite running
2024-11-19 17:26:32.632 [main] INFO  utils.CommonUtils - browserName is :chrome
2024-11-19 17:26:32.632 [main] INFO  utils.CommonUtils - ApplicationUrl is :https://the-internet.herokuapp.com/
2024-11-19 17:26:32.643 [main] INFO  driverManager.DriverManager - Initializing driver for thread: 1
2024-11-19 17:26:32.647 [main] INFO  driverManager.DriverFactory - Launching Chrome Browser
2024-11-19 17:26:36.260 [main] INFO  driverManager.DriverManager - Driver initialized for thread: 1
2024-11-19 17:26:36.298 [main] INFO  baseClass.BaseClass - Maximising the window
2024-11-19 17:26:36.298 [main] INFO  driverManager.DriverManager - Reusing existing driver for thread: 1
2024-11-19 17:26:36.348 [main] INFO  driverManager.DriverManager - Reusing existing driver for thread: 1
2024-11-19 17:26:36.356 [main] INFO  baseClass.BaseClass - Launching the Application
2024-11-19 17:26:36.356 [main] INFO  driverManager.DriverManager - Reusing existing driver for thread: 1
2024-11-19 17:26:39.360 [main] INFO  pages.HomePage - Trying to Click Checkboxes Button from the inside page
2024-11-19 17:26:39.891 [main] INFO  helper.LocalHelper - Clicked using Normal Click
2024-11-19 17:26:39.892 [main] INFO  pages.HomePage - Trying to Click All the checkboxes
2024-11-19 17:26:40.106 [main] INFO  driverManager.DriverManager - Quitting driver for thread: 1
2024-11-19 17:26:40.373 [main] INFO  driverManager.DriverManager - Driver quit and removed for thread: 1
2024-11-19 17:26:40.377 [main] INFO  listener.Listener - Execution finished 
2024-11-19 17:26:41.284 [main] INFO  baseClass.BaseClass - Email sent successfully
2024-11-19 17:27:21.882 [main] INFO  listener.Listener - Test case started : Suite running
2024-11-19 17:27:21.897 [main] INFO  baseClass.BaseClass - Before suite running
2024-11-19 17:27:21.900 [main] INFO  utils.CommonUtils - browserName is :chrome
2024-11-19 17:27:21.900 [main] INFO  utils.CommonUtils - ApplicationUrl is :https://the-internet.herokuapp.com/
2024-11-19 17:27:21.908 [main] INFO  driverManager.DriverManager - Initializing driver for thread: 1
2024-11-19 17:27:21.911 [main] INFO  driverManager.DriverFactory - Launching Chrome Browser
2024-11-19 17:27:25.043 [main] INFO  driverManager.DriverManager - Driver initialized for thread: 1
2024-11-19 17:27:25.070 [main] INFO  baseClass.BaseClass - Maximising the window
2024-11-19 17:27:25.070 [main] INFO  driverManager.DriverManager - Reusing existing driver for thread: 1
2024-11-19 17:27:25.123 [main] INFO  driverManager.DriverManager - Reusing existing driver for thread: 1
2024-11-19 17:27:25.130 [main] INFO  baseClass.BaseClass - Launching the Application
2024-11-19 17:27:25.131 [main] INFO  driverManager.DriverManager - Reusing existing driver for thread: 1
2024-11-19 17:27:28.065 [main] INFO  driverManager.DriverManager - Reusing existing driver for thread: 1
2024-11-19 17:27:28.107 [main] INFO  pages.HomePage - Trying to Click Broken image Button from the inside page
2024-11-19 17:27:28.407 [CDP Connection] INFO  helper.LocalHelper - URL Fetchinghttps://the-internet.herokuapp.com/broken_images
2024-11-19 17:27:28.408 [CDP Connection] INFO  helper.LocalHelper - URL Fetchinghttps://298279967.log.optimizely.com/event?a=298279967&d=298279967&y=false&n=engagement&g=298283957&u=oeu1732017447122r0.4177295111080306&wxhr=true&t=1732017448373&f=298349752,318188263
2024-11-19 17:27:28.636 [CDP Connection] INFO  helper.LocalHelper - URL Fetchinghttps://the-internet.herokuapp.com/js/vendor/298279967.js
2024-11-19 17:27:28.638 [CDP Connection] INFO  helper.LocalHelper - URL Fetchinghttps://the-internet.herokuapp.com/css/app.css
2024-11-19 17:27:28.639 [CDP Connection] INFO  helper.LocalHelper - URL Fetchinghttps://the-internet.herokuapp.com/css/font-awesome.css
2024-11-19 17:27:28.641 [CDP Connection] INFO  helper.LocalHelper - URL Fetchinghttps://the-internet.herokuapp.com/js/vendor/jquery-1.11.3.min.js
2024-11-19 17:27:28.645 [CDP Connection] INFO  helper.LocalHelper - URL Fetchinghttps://the-internet.herokuapp.com/js/vendor/jquery-ui-1.11.4/jquery-ui.js
2024-11-19 17:27:28.649 [CDP Connection] INFO  helper.LocalHelper - URL Fetchinghttps://the-internet.herokuapp.com/js/foundation/foundation.js
2024-11-19 17:27:28.651 [CDP Connection] INFO  helper.LocalHelper - URL Fetchinghttps://the-internet.herokuapp.com/js/foundation/foundation.alerts.js
2024-11-19 17:27:28.652 [CDP Connection] INFO  helper.LocalHelper - URL Fetchinghttps://the-internet.herokuapp.com/asdf.jpg
2024-11-19 17:27:28.653 [CDP Connection] INFO  helper.LocalHelper - URL Fetchinghttps://the-internet.herokuapp.com/img/avatar-blank.jpg
2024-11-19 17:27:28.654 [CDP Connection] INFO  helper.LocalHelper - URL Fetchinghttps://the-internet.herokuapp.com/img/forkme_right_green_007200.png
2024-11-19 17:27:28.655 [CDP Connection] INFO  helper.LocalHelper - URL Fetchinghttps://the-internet.herokuapp.com/hjkl.jpg
2024-11-19 17:27:28.668 [CDP Connection] INFO  helper.LocalHelper - URL Fetchinghttps://298279967.log.optimizely.com/event?a=298279967&d=298279967&y=false&n=https%3A%2F%2Fthe-internet.herokuapp.com%2Fbroken_images&u=oeu1732017447122r0.4177295111080306&wxhr=true&t=1732017448633&f=298349752,318188263
2024-11-19 17:27:28.673 [CDP Connection] INFO  helper.LocalHelper - URL Fetchinghttps://298279967.log.optimizely.com/event?a=298279967&d=298279967&y=false&n=engagement&g=298283957&u=oeu1732017447122r0.4177295111080306&wxhr=true&t=1732017448373&f=298349752,318188263
2024-11-19 17:27:28.676 [CDP Connection] INFO  helper.LocalHelper - URL Fetchinghttps://298279967.log.optimizely.com/event?a=298279967&d=298279967&y=false&n=https%3A%2F%2Fthe-internet.herokuapp.com%2F&u=oeu1732017447122r0.4177295111080306&wxhr=true&t=1732017447127&f=298349752,318188263
2024-11-19 17:27:28.891 [main] INFO  helper.LocalHelper - Clicked using Normal Click
2024-11-19 17:27:28.891 [main] INFO  helper.LocalHelper - First ULR ishttps://the-internet.herokuapp.com/broken_images
2024-11-19 17:27:28.892 [main] INFO  helper.LocalHelper - First ULR ishttps://298279967.log.optimizely.com/event?a=298279967&d=298279967&y=false&n=engagement&g=298283957&u=oeu1732017447122r0.4177295111080306&wxhr=true&t=1732017448373&f=298349752,318188263
2024-11-19 17:27:28.892 [main] INFO  helper.LocalHelper - First ULR ishttps://the-internet.herokuapp.com/js/vendor/298279967.js
2024-11-19 17:27:28.892 [main] INFO  helper.LocalHelper - First ULR ishttps://the-internet.herokuapp.com/css/app.css
2024-11-19 17:27:28.892 [main] INFO  helper.LocalHelper - First ULR ishttps://the-internet.herokuapp.com/css/font-awesome.css
2024-11-19 17:27:28.892 [main] INFO  helper.LocalHelper - First ULR ishttps://the-internet.herokuapp.com/js/vendor/jquery-1.11.3.min.js
2024-11-19 17:27:28.892 [main] INFO  helper.LocalHelper - First ULR ishttps://the-internet.herokuapp.com/js/vendor/jquery-ui-1.11.4/jquery-ui.js
2024-11-19 17:27:28.892 [main] INFO  helper.LocalHelper - First ULR ishttps://the-internet.herokuapp.com/js/foundation/foundation.js
2024-11-19 17:27:28.892 [main] INFO  helper.LocalHelper - First ULR ishttps://the-internet.herokuapp.com/js/foundation/foundation.alerts.js
2024-11-19 17:27:28.892 [main] INFO  helper.LocalHelper - First ULR ishttps://the-internet.herokuapp.com/asdf.jpg
2024-11-19 17:27:28.892 [main] INFO  helper.LocalHelper - First ULR ishttps://the-internet.herokuapp.com/img/avatar-blank.jpg
2024-11-19 17:27:28.893 [main] INFO  helper.LocalHelper - First ULR ishttps://the-internet.herokuapp.com/img/forkme_right_green_007200.png
2024-11-19 17:27:28.893 [main] INFO  helper.LocalHelper - First ULR ishttps://the-internet.herokuapp.com/hjkl.jpg
2024-11-19 17:27:28.893 [main] INFO  helper.LocalHelper - First ULR ishttps://298279967.log.optimizely.com/event?a=298279967&d=298279967&y=false&n=https%3A%2F%2Fthe-internet.herokuapp.com%2Fbroken_images&u=oeu1732017447122r0.4177295111080306&wxhr=true&t=1732017448633&f=298349752,318188263
2024-11-19 17:27:28.893 [main] INFO  helper.LocalHelper - First ULR ishttps://298279967.log.optimizely.com/event?a=298279967&d=298279967&y=false&n=engagement&g=298283957&u=oeu1732017447122r0.4177295111080306&wxhr=true&t=1732017448373&f=298349752,318188263
2024-11-19 17:27:28.893 [main] INFO  helper.LocalHelper - First ULR ishttps://298279967.log.optimizely.com/event?a=298279967&d=298279967&y=false&n=https%3A%2F%2Fthe-internet.herokuapp.com%2F&u=oeu1732017447122r0.4177295111080306&wxhr=true&t=1732017447127&f=298349752,318188263
2024-11-19 17:27:28.894 [main] INFO  helper.LocalHelper - Before Filtering Broken ULR ishttps://the-internet.herokuapp.com/asdf.jpg
2024-11-19 17:27:28.894 [main] INFO  helper.LocalHelper - Before Filtering Broken ULR ishttps://the-internet.herokuapp.com/img/avatar-blank.jpg
2024-11-19 17:27:28.894 [main] INFO  helper.LocalHelper - Before Filtering Broken ULR ishttps://the-internet.herokuapp.com/hjkl.jpg
2024-11-19 17:27:31.291 [main] INFO  helper.LocalHelper - After Filtering Broken ULR ishttps://the-internet.herokuapp.com/asdf.jpg
2024-11-19 17:27:31.292 [main] INFO  helper.LocalHelper - After Filtering Broken ULR ishttps://the-internet.herokuapp.com/hjkl.jpg
2024-11-19 17:27:31.303 [main] INFO  driverManager.DriverManager - Quitting driver for thread: 1
2024-11-19 17:27:31.564 [main] INFO  driverManager.DriverManager - Driver quit and removed for thread: 1
2024-11-19 17:27:31.568 [main] INFO  listener.Listener - Execution finished 
2024-11-19 17:27:32.076 [main] INFO  baseClass.BaseClass - Email sent successfully
2024-11-19 17:28:12.202 [main] INFO  listener.Listener - Test case started : Suite running
2024-11-19 17:28:12.219 [main] INFO  baseClass.BaseClass - Before suite running
2024-11-19 17:28:12.221 [main] INFO  utils.CommonUtils - browserName is :chrome
2024-11-19 17:28:12.221 [main] INFO  utils.CommonUtils - ApplicationUrl is :https://the-internet.herokuapp.com/
2024-11-19 17:28:12.230 [main] INFO  driverManager.DriverManager - Initializing driver for thread: 1
2024-11-19 17:28:12.234 [main] INFO  driverManager.DriverFactory - Launching Chrome Browser
2024-11-19 17:28:16.011 [main] INFO  driverManager.DriverManager - Driver initialized for thread: 1
2024-11-19 17:28:16.034 [main] INFO  baseClass.BaseClass - Maximising the window
2024-11-19 17:28:16.034 [main] INFO  driverManager.DriverManager - Reusing existing driver for thread: 1
2024-11-19 17:28:16.078 [main] INFO  driverManager.DriverManager - Reusing existing driver for thread: 1
2024-11-19 17:28:16.084 [main] INFO  baseClass.BaseClass - Launching the Application
2024-11-19 17:28:16.085 [main] INFO  driverManager.DriverManager - Reusing existing driver for thread: 1
2024-11-19 17:28:19.246 [main] INFO  pages.HomePage - Trying to Click Basic auth Button from the inside page
2024-11-19 17:28:19.874 [main] INFO  helper.LocalHelper - Clicked using Normal Click
2024-11-19 17:28:19.874 [main] INFO  pages.HomePage - Trying to Enter the Username and password
2024-11-19 17:28:20.039 [main] INFO  pages.HomePage - Grabing success Message
2024-11-19 17:29:20.179 [main] INFO  driverManager.DriverManager - Reusing existing driver for thread: 1
2024-11-19 17:29:20.611 [main] INFO  utils.CommonUtils - Today date is 19-11-2024 17-29
2024-11-19 17:29:20.632 [main] INFO  driverManager.DriverManager - Quitting driver for thread: 1
2024-11-19 17:29:20.999 [main] INFO  driverManager.DriverManager - Driver quit and removed for thread: 1
2024-11-19 17:29:20.999 [main] INFO  driverManager.DriverManager - Initializing driver for thread: 1
2024-11-19 17:29:21.000 [main] INFO  driverManager.DriverFactory - Launching Chrome Browser
2024-11-19 17:29:23.293 [main] INFO  driverManager.DriverManager - Driver initialized for thread: 1
2024-11-19 17:29:23.400 [main] INFO  baseClass.BaseClass - FirstTest.verifyBasicAuthenticationVerifyjava.lang.String,java.lang.String[pri:0, instance:testCases.FirstTest@3bcd426c]
2024-11-19 17:29:23.400 [main] INFO  driverManager.DriverManager - Reusing existing driver for thread: 1
2024-11-19 17:29:23.509 [main] INFO  utils.CommonUtils - Today date is 19-11-2024 17-29
2024-11-19 17:29:23.528 [main] INFO  driverManager.DriverManager - Reusing existing driver for thread: 1
2024-11-19 17:29:23.628 [main] INFO  listener.Listener - Execution finished 
2024-11-19 17:29:24.688 [main] INFO  baseClass.BaseClass - Email sent successfully
2024-11-19 17:46:47.954 [main] INFO  listener.Listener - Test case started : Suite running
2024-11-19 17:46:47.970 [main] INFO  baseClass.BaseClass - Before suite running
2024-11-19 17:46:47.973 [main] INFO  utils.CommonUtils - browserName is :chrome
2024-11-19 17:46:47.973 [main] INFO  utils.CommonUtils - ApplicationUrl is :https://the-internet.herokuapp.com/
2024-11-19 17:46:47.982 [main] INFO  driverManager.DriverManager - Initializing driver for thread: 1
2024-11-19 17:46:47.987 [main] INFO  driverManager.DriverFactory - Launching Chrome Browser
2024-11-19 17:46:53.044 [main] INFO  driverManager.DriverManager - Driver initialized for thread: 1
2024-11-19 17:46:53.079 [main] INFO  baseClass.BaseClass - Maximising the window
2024-11-19 17:46:53.079 [main] INFO  driverManager.DriverManager - Reusing existing driver for thread: 1
2024-11-19 17:46:53.126 [main] INFO  driverManager.DriverManager - Reusing existing driver for thread: 1
2024-11-19 17:46:53.135 [main] INFO  baseClass.BaseClass - Launching the Application
2024-11-19 17:46:53.135 [main] INFO  driverManager.DriverManager - Reusing existing driver for thread: 1
2024-11-19 17:46:56.879 [main] INFO  pages.HomePage - Trying to Click Basic auth Button from the inside page
2024-11-19 17:46:57.414 [main] INFO  helper.LocalHelper - Clicked using Normal Click
2024-11-19 17:46:57.414 [main] INFO  pages.HomePage - Trying to Enter the Username and password
2024-11-19 17:46:57.568 [main] INFO  pages.HomePage - Grabing success Message
2024-11-19 17:46:58.063 [main] INFO  driverManager.DriverManager - Quitting driver for thread: 1
2024-11-19 17:46:58.299 [main] INFO  driverManager.DriverManager - Driver quit and removed for thread: 1
2024-11-19 17:46:58.303 [main] INFO  listener.Listener - Execution finished 
2024-11-19 17:46:59.398 [main] INFO  baseClass.BaseClass - Email sent successfully
2024-11-19 17:47:19.354 [main] INFO  listener.Listener - Test case started : Suite running
2024-11-19 17:47:19.372 [main] INFO  baseClass.BaseClass - Before suite running
2024-11-19 17:47:19.375 [main] INFO  utils.CommonUtils - browserName is :chrome
2024-11-19 17:47:19.375 [main] INFO  utils.CommonUtils - ApplicationUrl is :https://the-internet.herokuapp.com/
2024-11-19 17:47:19.385 [main] INFO  driverManager.DriverManager - Initializing driver for thread: 1
2024-11-19 17:47:19.390 [main] INFO  driverManager.DriverFactory - Launching Chrome Browser
2024-11-19 17:47:21.979 [main] INFO  driverManager.DriverManager - Driver initialized for thread: 1
2024-11-19 17:47:21.997 [main] INFO  baseClass.BaseClass - Maximising the window
2024-11-19 17:47:21.997 [main] INFO  driverManager.DriverManager - Reusing existing driver for thread: 1
2024-11-19 17:47:22.032 [main] INFO  driverManager.DriverManager - Reusing existing driver for thread: 1
2024-11-19 17:47:22.042 [main] INFO  baseClass.BaseClass - Launching the Application
2024-11-19 17:47:22.042 [main] INFO  driverManager.DriverManager - Reusing existing driver for thread: 1
2024-11-19 17:47:25.754 [main] INFO  pages.HomePage - Trying to Click Basic auth Button from the inside page
2024-11-19 17:47:26.839 [main] INFO  helper.LocalHelper - Clicked using Normal Click
2024-11-19 17:47:26.839 [main] INFO  pages.HomePage - Trying to Enter the Username and password
2024-11-19 17:47:27.010 [main] INFO  pages.HomePage - Grabing success Message
2024-11-19 17:48:27.135 [main] INFO  driverManager.DriverManager - Reusing existing driver for thread: 1
2024-11-19 17:48:27.323 [main] INFO  driverManager.DriverManager - Quitting driver for thread: 1
2024-11-19 17:48:27.599 [main] INFO  driverManager.DriverManager - Driver quit and removed for thread: 1
2024-11-19 17:48:27.599 [main] INFO  driverManager.DriverManager - Initializing driver for thread: 1
2024-11-19 17:48:27.599 [main] INFO  driverManager.DriverFactory - Launching Chrome Browser
2024-11-19 17:48:30.002 [main] INFO  driverManager.DriverManager - Driver initialized for thread: 1
2024-11-19 17:48:30.132 [main] INFO  baseClass.BaseClass - FirstTest.verifyBasicAuthenticationVerifyjava.lang.String,java.lang.String[pri:0, instance:testCases.FirstTest@3bcd426c]
2024-11-19 17:48:30.132 [main] INFO  driverManager.DriverManager - Reusing existing driver for thread: 1
2024-11-19 17:48:30.259 [main] INFO  driverManager.DriverManager - Reusing existing driver for thread: 1
2024-11-19 17:48:30.361 [main] INFO  listener.Listener - Execution finished 
2024-11-19 17:48:31.054 [main] INFO  baseClass.BaseClass - Email sent successfully
2024-11-19 17:51:45.807 [main] INFO  listener.Listener - Test case started : Suite running
2024-11-19 17:51:45.826 [main] INFO  baseClass.BaseClass - Before suite running
2024-11-19 17:51:45.829 [main] INFO  utils.CommonUtils - browserName is :chrome
2024-11-19 17:51:45.829 [main] INFO  utils.CommonUtils - ApplicationUrl is :https://the-internet.herokuapp.com/
2024-11-19 17:51:45.842 [main] INFO  driverManager.DriverManager - Initializing driver for thread: 1
2024-11-19 17:51:45.844 [main] INFO  driverManager.DriverFactory - Launching Chrome Browser
2024-11-19 17:51:48.568 [main] INFO  driverManager.DriverManager - Driver initialized for thread: 1
2024-11-19 17:51:48.594 [main] INFO  baseClass.BaseClass - Maximising the window
2024-11-19 17:51:48.594 [main] INFO  driverManager.DriverManager - Reusing existing driver for thread: 1
2024-11-19 17:51:48.654 [main] INFO  driverManager.DriverManager - Reusing existing driver for thread: 1
2024-11-19 17:51:48.670 [main] INFO  baseClass.BaseClass - Launching the Application
2024-11-19 17:51:48.670 [main] INFO  driverManager.DriverManager - Reusing existing driver for thread: 1
2024-11-19 17:51:52.493 [main] INFO  pages.HomePage - Trying to Click Basic auth Button from the inside page
2024-11-19 17:51:53.028 [main] INFO  helper.LocalHelper - Clicked using Normal Click
2024-11-19 17:51:53.029 [main] INFO  pages.HomePage - Trying to Enter the Username and password
2024-11-19 17:51:53.195 [main] INFO  pages.HomePage - Grabing success Message
2024-11-19 17:51:53.657 [main] INFO  driverManager.DriverManager - Quitting driver for thread: 1
2024-11-19 17:51:53.878 [main] INFO  driverManager.DriverManager - Driver quit and removed for thread: 1
2024-11-19 17:51:53.883 [main] INFO  listener.Listener - Execution finished 
2024-11-19 17:51:54.522 [main] INFO  baseClass.BaseClass - Email sent successfully
2024-11-19 17:52:05.078 [main] INFO  listener.Listener - Test case started : Suite running
2024-11-19 17:52:05.094 [main] INFO  baseClass.BaseClass - Before suite running
2024-11-19 17:52:05.097 [main] INFO  utils.CommonUtils - browserName is :chrome
2024-11-19 17:52:05.097 [main] INFO  utils.CommonUtils - ApplicationUrl is :https://the-internet.herokuapp.com/
2024-11-19 17:52:05.110 [main] INFO  driverManager.DriverManager - Initializing driver for thread: 1
2024-11-19 17:52:05.112 [main] INFO  driverManager.DriverFactory - Launching Chrome Browser
2024-11-19 17:52:08.034 [main] INFO  driverManager.DriverManager - Driver initialized for thread: 1
2024-11-19 17:52:08.059 [main] INFO  baseClass.BaseClass - Maximising the window
2024-11-19 17:52:08.060 [main] INFO  driverManager.DriverManager - Reusing existing driver for thread: 1
2024-11-19 17:52:08.114 [main] INFO  driverManager.DriverManager - Reusing existing driver for thread: 1
2024-11-19 17:52:08.120 [main] INFO  baseClass.BaseClass - Launching the Application
2024-11-19 17:52:08.121 [main] INFO  driverManager.DriverManager - Reusing existing driver for thread: 1
2024-11-19 17:52:11.265 [main] INFO  pages.HomePage - Trying to Click Basic auth Button from the inside page
2024-11-19 17:52:12.059 [main] INFO  helper.LocalHelper - Clicked using Normal Click
2024-11-19 17:52:12.060 [main] INFO  pages.HomePage - Trying to Enter the Username and password
2024-11-19 17:52:12.189 [main] INFO  pages.HomePage - Grabing success Message
2024-11-19 17:53:12.242 [main] INFO  driverManager.DriverManager - Reusing existing driver for thread: 1
2024-11-19 17:53:12.498 [main] INFO  driverManager.DriverManager - Quitting driver for thread: 1
2024-11-19 17:53:12.767 [main] INFO  driverManager.DriverManager - Driver quit and removed for thread: 1
2024-11-19 17:53:12.768 [main] INFO  driverManager.DriverManager - Initializing driver for thread: 1
2024-11-19 17:53:12.768 [main] INFO  driverManager.DriverFactory - Launching Chrome Browser
2024-11-19 17:53:15.399 [main] INFO  driverManager.DriverManager - Driver initialized for thread: 1
2024-11-19 17:53:15.485 [main] INFO  baseClass.BaseClass - FirstTest.verifyBasicAuthenticationVerifyjava.lang.String,java.lang.String[pri:0, instance:testCases.FirstTest@3bcd426c]
2024-11-19 17:53:15.487 [main] INFO  driverManager.DriverManager - Reusing existing driver for thread: 1
2024-11-19 17:53:15.616 [main] INFO  driverManager.DriverManager - Reusing existing driver for thread: 1
2024-11-19 17:53:15.726 [main] INFO  listener.Listener - Execution finished 
2024-11-19 17:53:16.775 [main] INFO  baseClass.BaseClass - Email sent successfully
2024-11-19 18:05:46.627 [main] INFO  listener.Listener - Test case started : Suite running
2024-11-19 18:05:46.650 [main] INFO  baseClass.BaseClass - Before suite running
2024-11-19 18:05:46.653 [main] INFO  utils.CommonUtils - browserName is :chrome
2024-11-19 18:05:46.653 [main] INFO  utils.CommonUtils - ApplicationUrl is :https://the-internet.herokuapp.com/
2024-11-19 18:05:46.665 [main] INFO  driverManager.DriverManager - Initializing driver for thread: 1
2024-11-19 18:05:46.667 [main] INFO  driverManager.DriverFactory - Launching Chrome Browser
2024-11-19 18:05:49.899 [main] INFO  driverManager.DriverManager - Driver initialized for thread: 1
2024-11-19 18:05:49.926 [main] INFO  baseClass.BaseClass - Maximising the window
2024-11-19 18:05:49.926 [main] INFO  driverManager.DriverManager - Reusing existing driver for thread: 1
2024-11-19 18:05:49.962 [main] INFO  driverManager.DriverManager - Reusing existing driver for thread: 1
2024-11-19 18:05:49.973 [main] INFO  baseClass.BaseClass - Launching the Application
2024-11-19 18:05:49.973 [main] INFO  driverManager.DriverManager - Reusing existing driver for thread: 1
2024-11-19 18:05:53.729 [main] INFO  pages.HomePage - Trying to Click Basic auth Button from the inside page
2024-11-19 18:05:54.285 [main] INFO  helper.LocalHelper - Clicked using Normal Click
2024-11-19 18:05:54.286 [main] INFO  pages.HomePage - Trying to Enter the Username and password
2024-11-19 18:05:54.518 [main] INFO  pages.HomePage - Grabing success Message
2024-11-19 18:06:54.676 [main] INFO  driverManager.DriverManager - Quitting driver for thread: 1
2024-11-19 18:06:54.915 [main] INFO  driverManager.DriverManager - Driver quit and removed for thread: 1
2024-11-19 18:06:54.915 [main] INFO  driverManager.DriverManager - Initializing driver for thread: 1
2024-11-19 18:06:54.915 [main] INFO  driverManager.DriverFactory - Launching Chrome Browser
2024-11-19 18:06:56.977 [main] INFO  driverManager.DriverManager - Driver initialized for thread: 1
2024-11-19 18:06:57.113 [main] INFO  baseClass.BaseClass - FirstTest.verifyBasicAuthenticationVerifyjava.lang.String,java.lang.String[pri:0, instance:testCases.FirstTest@5f14a673]
2024-11-19 18:06:57.113 [main] INFO  driverManager.DriverManager - Reusing existing driver for thread: 1
2024-11-19 18:06:57.238 [main] INFO  driverManager.DriverManager - Reusing existing driver for thread: 1
2024-11-19 18:06:57.335 [main] INFO  listener.Listener - Execution finished 
2024-11-19 18:06:58.505 [main] INFO  baseClass.BaseClass - Email sent successfully
2024-11-19 18:09:40.179 [main] INFO  listener.Listener - Test case started : Suite running
2024-11-19 18:09:40.204 [main] INFO  baseClass.BaseClass - Before suite running
2024-11-19 18:09:40.208 [main] INFO  utils.CommonUtils - browserName is :chrome
2024-11-19 18:09:40.208 [main] INFO  utils.CommonUtils - ApplicationUrl is :https://the-internet.herokuapp.com/
2024-11-19 18:09:40.222 [main] INFO  driverManager.DriverManager - Initializing driver for thread: 1
2024-11-19 18:09:40.225 [main] INFO  driverManager.DriverFactory - Launching Chrome Browser
2024-11-19 18:09:45.727 [main] INFO  driverManager.DriverManager - Driver initialized for thread: 1
2024-11-19 18:09:45.768 [main] INFO  baseClass.BaseClass - Maximising the window
2024-11-19 18:09:45.769 [main] INFO  driverManager.DriverManager - Reusing existing driver for thread: 1
2024-11-19 18:09:45.819 [main] INFO  driverManager.DriverManager - Reusing existing driver for thread: 1
2024-11-19 18:09:45.827 [main] INFO  baseClass.BaseClass - Launching the Application
2024-11-19 18:09:45.827 [main] INFO  driverManager.DriverManager - Reusing existing driver for thread: 1
2024-11-19 18:09:48.802 [main] INFO  pages.HomePage - Trying to Click Basic auth Button from the inside page
2024-11-19 18:09:49.392 [main] INFO  helper.LocalHelper - Clicked using Normal Click
2024-11-19 18:09:49.392 [main] INFO  pages.HomePage - Trying to Enter the Username and password
2024-11-19 18:09:49.528 [main] INFO  pages.HomePage - Grabing success Message
2024-11-19 18:10:49.730 [main] INFO  driverManager.DriverManager - Quitting driver for thread: 1
2024-11-19 18:10:50.215 [main] INFO  driverManager.DriverManager - Driver quit and removed for thread: 1
2024-11-19 18:10:50.215 [main] INFO  driverManager.DriverManager - Initializing driver for thread: 1
2024-11-19 18:10:50.215 [main] INFO  driverManager.DriverFactory - Launching Chrome Browser
2024-11-19 18:11:01.769 [main] INFO  driverManager.DriverManager - Driver initialized for thread: 1
2024-11-19 18:11:02.284 [main] INFO  baseClass.BaseClass - FirstTest.verifyBasicAuthenticationVerifyjava.lang.String,java.lang.String[pri:0, instance:testCases.FirstTest@3bcd426c]
2024-11-19 18:11:02.285 [main] INFO  driverManager.DriverManager - Reusing existing driver for thread: 1
2024-11-19 18:11:02.417 [main] INFO  driverManager.DriverManager - Reusing existing driver for thread: 1
2024-11-19 18:11:02.874 [main] INFO  listener.Listener - Execution finished 
2024-11-19 18:11:03.775 [main] INFO  baseClass.BaseClass - Email sent successfully
