2025-07-24 20:47:55.438 [main] INFO  listener.Listener - Test case started : Suite running
2025-07-24 20:47:55.459 [main] INFO  baseClass.BaseClass - Before suite running
2025-07-24 20:47:55.462 [main] INFO  utils.CommonUtils - browserName is :chrome
2025-07-24 20:47:55.462 [main] INFO  utils.CommonUtils - ApplicationUrl is :https://www.saucedemo.com/
2025-07-24 20:47:55.476 [main] INFO  driverManager.DriverManager - Initializing driver for thread: 1
2025-07-24 20:47:55.479 [main] INFO  driverManager.DriverFactory - Launching Chrome Browser
2025-07-24 20:48:21.061 [main] INFO  driverManager.DriverManager - Driver initialized for thread: 1
2025-07-24 20:48:21.075 [main] INFO  baseClass.BaseClass - Maximising the window
2025-07-24 20:48:21.075 [main] INFO  driverManager.DriverManager - Reusing existing driver for thread: 1
2025-07-24 20:48:21.109 [main] INFO  driverManager.DriverManager - Reusing existing driver for thread: 1
2025-07-24 20:48:21.120 [main] INFO  baseClass.BaseClass - Launching the Application
2025-07-24 20:48:21.121 [main] INFO  driverManager.DriverManager - Reusing existing driver for thread: 1
2025-07-24 20:48:26.114 [main] INFO  pages.HomePage - Send Username
2025-07-24 20:48:26.267 [main] INFO  pages.HomePage - Username passed
2025-07-24 20:48:26.267 [main] INFO  pages.HomePage - Send Password
2025-07-24 20:48:26.359 [main] INFO  pages.HomePage - Password passed
2025-07-24 20:48:26.360 [main] INFO  pages.HomePage - Click Login Button
2025-07-24 20:48:26.555 [main] INFO  helper.LocalHelper - Clicked using Normal Click
2025-07-24 20:48:26.555 [main] INFO  pages.HomePage - Trying to Enter the Username and password
2025-07-24 20:48:26.643 [main] INFO  driverManager.DriverManager - Quitting driver for thread: 1
2025-07-24 20:48:26.802 [main] INFO  driverManager.DriverManager - Driver quit and removed for thread: 1
2025-07-24 20:48:26.812 [main] INFO  driverManager.DriverManager - Initializing driver for thread: 1
2025-07-24 20:48:26.812 [main] INFO  driverManager.DriverFactory - Launching Chrome Browser
2025-07-24 20:48:28.468 [main] INFO  driverManager.DriverManager - Driver initialized for thread: 1
2025-07-24 20:48:28.469 [main] INFO  baseClass.BaseClass - Maximising the window
2025-07-24 20:48:28.469 [main] INFO  driverManager.DriverManager - Reusing existing driver for thread: 1
2025-07-24 20:48:28.494 [main] INFO  driverManager.DriverManager - Reusing existing driver for thread: 1
2025-07-24 20:48:28.497 [main] INFO  baseClass.BaseClass - Launching the Application
2025-07-24 20:48:28.497 [main] INFO  driverManager.DriverManager - Reusing existing driver for thread: 1
2025-07-24 20:48:31.375 [main] INFO  pages.HomePage - Send Username
2025-07-24 20:48:31.533 [main] INFO  pages.HomePage - Username passed
2025-07-24 20:48:31.533 [main] INFO  pages.HomePage - Send Password
2025-07-24 20:48:31.623 [main] INFO  pages.HomePage - Password passed
2025-07-24 20:48:31.624 [main] INFO  pages.HomePage - Click Login Button
2025-07-24 20:48:31.898 [main] INFO  helper.LocalHelper - Clicked using Normal Click
2025-07-24 20:48:31.898 [main] INFO  pages.HomePage - Trying to Select Particular Product
2025-07-24 20:48:32.088 [main] INFO  pages.HomePage - Element Clicked SuccessFully
2025-07-24 20:48:32.088 [main] INFO  pages.HomePage - Trying to Click BCart Button
2025-07-24 20:48:32.306 [main] INFO  helper.LocalHelper - Clicked using Normal Click
2025-07-24 20:48:32.307 [main] INFO  pages.HomePage - Trying to Click Contiune Button
2025-07-24 20:48:51.920 [main] INFO  listener.Listener - Test case started : Suite running
2025-07-24 20:48:51.944 [main] INFO  baseClass.BaseClass - Before suite running
2025-07-24 20:48:51.947 [main] INFO  utils.CommonUtils - browserName is :chrome
2025-07-24 20:48:51.948 [main] INFO  utils.CommonUtils - ApplicationUrl is :https://www.saucedemo.com/
2025-07-24 20:48:51.964 [main] INFO  driverManager.DriverManager - Initializing driver for thread: 1
2025-07-24 20:48:51.967 [main] INFO  driverManager.DriverFactory - Launching Chrome Browser
2025-07-24 20:48:53.969 [main] INFO  driverManager.DriverManager - Driver initialized for thread: 1
2025-07-24 20:48:53.993 [main] INFO  baseClass.BaseClass - Maximising the window
2025-07-24 20:48:53.993 [main] INFO  driverManager.DriverManager - Reusing existing driver for thread: 1
2025-07-24 20:48:54.070 [main] INFO  driverManager.DriverManager - Reusing existing driver for thread: 1
2025-07-24 20:48:54.094 [main] INFO  baseClass.BaseClass - Launching the Application
2025-07-24 20:48:54.094 [main] INFO  driverManager.DriverManager - Reusing existing driver for thread: 1
2025-07-24 20:48:55.686 [main] INFO  pages.HomePage - Send Username
2025-07-24 20:48:55.878 [main] INFO  pages.HomePage - Username passed
2025-07-24 20:48:55.878 [main] INFO  pages.HomePage - Send Password
2025-07-24 20:48:56.069 [main] INFO  pages.HomePage - Password passed
2025-07-24 20:48:56.069 [main] INFO  pages.HomePage - Click Login Button
2025-07-24 20:48:56.314 [main] INFO  helper.LocalHelper - Clicked using Normal Click
2025-07-24 20:48:56.314 [main] INFO  pages.HomePage - Trying to Enter the Username and password
2025-07-24 20:48:56.410 [main] INFO  driverManager.DriverManager - Quitting driver for thread: 1
2025-07-24 20:48:56.605 [main] INFO  driverManager.DriverManager - Driver quit and removed for thread: 1
2025-07-24 20:48:56.616 [main] INFO  driverManager.DriverManager - Initializing driver for thread: 1
2025-07-24 20:48:56.616 [main] INFO  driverManager.DriverFactory - Launching Chrome Browser
2025-07-24 20:48:58.238 [main] INFO  driverManager.DriverManager - Driver initialized for thread: 1
2025-07-24 20:48:58.239 [main] INFO  baseClass.BaseClass - Maximising the window
2025-07-24 20:48:58.239 [main] INFO  driverManager.DriverManager - Reusing existing driver for thread: 1
2025-07-24 20:48:58.295 [main] INFO  driverManager.DriverManager - Reusing existing driver for thread: 1
2025-07-24 20:48:58.301 [main] INFO  baseClass.BaseClass - Launching the Application
2025-07-24 20:48:58.302 [main] INFO  driverManager.DriverManager - Reusing existing driver for thread: 1
2025-07-24 20:49:02.058 [main] INFO  pages.HomePage - Send Username
2025-07-24 20:49:02.215 [main] INFO  pages.HomePage - Username passed
2025-07-24 20:49:02.215 [main] INFO  pages.HomePage - Send Password
2025-07-24 20:49:02.369 [main] INFO  pages.HomePage - Password passed
2025-07-24 20:49:02.369 [main] INFO  pages.HomePage - Click Login Button
2025-07-24 20:49:02.580 [main] INFO  helper.LocalHelper - Clicked using Normal Click
2025-07-24 20:49:02.581 [main] INFO  pages.HomePage - Trying to Select Particular Product
2025-07-24 20:49:02.752 [main] INFO  pages.HomePage - Element Clicked SuccessFully
2025-07-24 20:49:02.752 [main] INFO  pages.HomePage - Trying to Click BCart Button
2025-07-24 20:49:03.018 [main] INFO  helper.LocalHelper - Clicked using Normal Click
2025-07-24 20:49:03.019 [main] INFO  pages.HomePage - Trying to Click Contiune Button
2025-07-24 20:49:47.268 [main] INFO  listener.Listener - Test case started : Suite running
2025-07-24 20:49:47.290 [main] INFO  baseClass.BaseClass - Before suite running
2025-07-24 20:49:47.294 [main] INFO  utils.CommonUtils - browserName is :chrome
2025-07-24 20:49:47.294 [main] INFO  utils.CommonUtils - ApplicationUrl is :https://www.saucedemo.com/
2025-07-24 20:49:47.308 [main] INFO  driverManager.DriverManager - Initializing driver for thread: 1
2025-07-24 20:49:47.313 [main] INFO  driverManager.DriverFactory - Launching Chrome Browser
2025-07-24 20:49:49.246 [main] INFO  driverManager.DriverManager - Driver initialized for thread: 1
2025-07-24 20:49:49.267 [main] INFO  baseClass.BaseClass - Maximising the window
2025-07-24 20:49:49.268 [main] INFO  driverManager.DriverManager - Reusing existing driver for thread: 1
2025-07-24 20:49:49.305 [main] INFO  driverManager.DriverManager - Reusing existing driver for thread: 1
2025-07-24 20:49:49.311 [main] INFO  baseClass.BaseClass - Launching the Application
2025-07-24 20:49:49.312 [main] INFO  driverManager.DriverManager - Reusing existing driver for thread: 1
2025-07-24 20:49:50.117 [main] INFO  pages.HomePage - Send Username
2025-07-24 20:49:50.261 [main] INFO  pages.HomePage - Username passed
2025-07-24 20:49:50.261 [main] INFO  pages.HomePage - Send Password
2025-07-24 20:49:50.408 [main] INFO  pages.HomePage - Password passed
2025-07-24 20:49:50.408 [main] INFO  pages.HomePage - Click Login Button
2025-07-24 20:49:50.700 [main] INFO  helper.LocalHelper - Clicked using Normal Click
2025-07-24 20:49:50.700 [main] INFO  pages.HomePage - Trying to Select Particular Product
2025-07-24 20:49:50.886 [main] INFO  pages.HomePage - Element Clicked SuccessFully
2025-07-24 20:49:50.886 [main] INFO  pages.HomePage - Trying to Click BCart Button
2025-07-24 20:49:51.133 [main] INFO  helper.LocalHelper - Clicked using Normal Click
2025-07-24 20:49:51.133 [main] INFO  pages.HomePage - Trying to Click Contiune Button
2025-07-24 20:50:51.339 [main] INFO  baseClass.BaseClass - FirstTest.verifyAddDeleteElementFunctionalitiesjava.lang.String,java.lang.String[pri:0, instance:testCases.FirstTest@7577b641]
2025-07-24 20:50:51.339 [main] INFO  driverManager.DriverManager - Reusing existing driver for thread: 1
2025-07-24 20:50:51.596 [main] INFO  baseClass.BaseClass - screenshot absolute path is :C:\Users\ayyappan.g.DC\eclipse-workspace\SA-QA-Ayyappan Gunasekaran\target\screenshots\verifyAddDeleteElementFunctionalities.png
2025-07-24 20:50:51.604 [main] INFO  driverManager.DriverManager - Reusing existing driver for thread: 1
2025-07-24 20:50:51.813 [main] INFO  driverManager.DriverManager - Quitting driver for thread: 1
2025-07-24 20:50:52.138 [main] INFO  driverManager.DriverManager - Driver quit and removed for thread: 1
2025-07-24 20:50:52.149 [main] INFO  driverManager.DriverManager - Initializing driver for thread: 1
2025-07-24 20:50:52.149 [main] INFO  driverManager.DriverFactory - Launching Chrome Browser
2025-07-24 20:50:53.683 [main] INFO  driverManager.DriverManager - Driver initialized for thread: 1
2025-07-24 20:50:53.683 [main] INFO  baseClass.BaseClass - Maximising the window
2025-07-24 20:50:53.684 [main] INFO  driverManager.DriverManager - Reusing existing driver for thread: 1
2025-07-24 20:50:53.727 [main] INFO  driverManager.DriverManager - Reusing existing driver for thread: 1
2025-07-24 20:50:53.731 [main] INFO  baseClass.BaseClass - Launching the Application
2025-07-24 20:50:53.731 [main] INFO  driverManager.DriverManager - Reusing existing driver for thread: 1
2025-07-24 20:51:01.284 [main] INFO  pages.HomePage - Send Username
2025-07-24 20:51:01.462 [main] INFO  pages.HomePage - Username passed
2025-07-24 20:51:01.462 [main] INFO  pages.HomePage - Send Password
2025-07-24 20:51:01.568 [main] INFO  pages.HomePage - Password passed
2025-07-24 20:51:01.568 [main] INFO  pages.HomePage - Click Login Button
2025-07-24 20:51:01.828 [main] INFO  helper.LocalHelper - Clicked using Normal Click
2025-07-24 20:51:01.828 [main] INFO  pages.HomePage - Trying to Enter the Username and password
2025-07-24 20:51:01.905 [main] INFO  driverManager.DriverManager - Quitting driver for thread: 1
2025-07-24 20:51:02.067 [main] INFO  driverManager.DriverManager - Driver quit and removed for thread: 1
2025-07-24 20:51:02.072 [main] INFO  utils.ExtentReportListener - Execution Summary:
2025-07-24 20:51:02.073 [main] INFO  utils.ExtentReportListener - Total Passed Tests: 1
2025-07-24 20:51:02.073 [main] INFO  utils.ExtentReportListener - Total Failed Tests: 1
2025-07-24 20:51:02.073 [main] INFO  utils.ExtentReportListener - Total Skipped Tests: 0
2025-07-24 20:51:02.074 [main] INFO  listener.Listener - Execution finished 
2025-07-24 20:51:02.099 [main] ERROR baseClass.BaseClass - Failed to generate Allure report: Cannot run program "allure" (in directory "C:\Users\ayyappan.g.DC\eclipse-workspace\SA-QA-Ayyappan Gunasekaran"): CreateProcess error=2, The system cannot find the file specified
2025-07-24 20:51:02.211 [main] ERROR baseClass.BaseClass - Failed to create zip file: C:\Users\ayyappan.g.DC\eclipse-workspace\SA-QA-Ayyappan Gunasekaran\allure-report
2025-07-24 20:52:29.660 [main] INFO  baseClass.BaseClass - Email sent successfully
2025-07-24 20:58:34.055 [main] INFO  listener.Listener - Test case started : Suite running
2025-07-24 20:58:34.079 [main] INFO  baseClass.BaseClass - Before suite running
2025-07-24 20:58:34.082 [main] INFO  utils.CommonUtils - browserName is :chrome
2025-07-24 20:58:34.083 [main] INFO  utils.CommonUtils - ApplicationUrl is :https://www.saucedemo.com/
2025-07-24 20:58:34.103 [main] INFO  driverManager.DriverManager - Initializing driver for thread: 1
2025-07-24 20:58:34.107 [main] INFO  driverManager.DriverFactory - Launching Chrome Browser
2025-07-24 20:58:36.084 [main] INFO  driverManager.DriverManager - Driver initialized for thread: 1
2025-07-24 20:58:36.112 [main] INFO  baseClass.BaseClass - Maximising the window
2025-07-24 20:58:36.113 [main] INFO  driverManager.DriverManager - Reusing existing driver for thread: 1
2025-07-24 20:58:36.147 [main] INFO  driverManager.DriverManager - Reusing existing driver for thread: 1
2025-07-24 20:58:36.154 [main] INFO  baseClass.BaseClass - Launching the Application
2025-07-24 20:58:36.154 [main] INFO  driverManager.DriverManager - Reusing existing driver for thread: 1
2025-07-24 20:58:43.146 [main] INFO  pages.HomePage - Send Username
2025-07-24 20:58:43.303 [main] INFO  pages.HomePage - Username passed
2025-07-24 20:58:43.303 [main] INFO  pages.HomePage - Send Password
2025-07-24 20:58:43.439 [main] INFO  pages.HomePage - Password passed
2025-07-24 20:58:43.440 [main] INFO  pages.HomePage - Click Login Button
2025-07-24 20:58:43.797 [main] INFO  helper.LocalHelper - Clicked using Normal Click
2025-07-24 20:58:43.797 [main] INFO  pages.HomePage - Trying to Select Particular Product
2025-07-24 20:58:44.062 [main] INFO  pages.HomePage - Element Clicked SuccessFully
2025-07-24 20:58:44.062 [main] INFO  pages.HomePage - Trying to Click BCart Button
2025-07-24 20:58:44.362 [main] INFO  helper.LocalHelper - Clicked using Normal Click
2025-07-24 20:58:44.362 [main] INFO  pages.HomePage - Trying to Click Contiune Button
2025-07-24 20:59:44.506 [main] INFO  baseClass.BaseClass - FirstTest.verifyAddDeleteElementFunctionalitiesjava.lang.String,java.lang.String[pri:0, instance:testCases.FirstTest@3aaf4f07]
2025-07-24 20:59:44.506 [main] INFO  driverManager.DriverManager - Reusing existing driver for thread: 1
2025-07-24 20:59:44.651 [main] INFO  baseClass.BaseClass - screenshot absolute path is :C:\Users\ayyappan.g.DC\eclipse-workspace\SA-QA-Ayyappan Gunasekaran\target\screenshots\verifyAddDeleteElementFunctionalities.png
2025-07-24 20:59:44.661 [main] INFO  driverManager.DriverManager - Reusing existing driver for thread: 1
2025-07-24 20:59:44.789 [main] INFO  driverManager.DriverManager - Quitting driver for thread: 1
2025-07-24 20:59:45.043 [main] INFO  driverManager.DriverManager - Driver quit and removed for thread: 1
2025-07-24 20:59:45.051 [main] INFO  driverManager.DriverManager - Initializing driver for thread: 1
2025-07-24 20:59:45.052 [main] INFO  driverManager.DriverFactory - Launching Chrome Browser
2025-07-24 20:59:46.769 [main] INFO  driverManager.DriverManager - Driver initialized for thread: 1
2025-07-24 20:59:46.771 [main] INFO  baseClass.BaseClass - Maximising the window
2025-07-24 20:59:46.771 [main] INFO  driverManager.DriverManager - Reusing existing driver for thread: 1
2025-07-24 20:59:46.820 [main] INFO  driverManager.DriverManager - Reusing existing driver for thread: 1
2025-07-24 20:59:46.823 [main] INFO  baseClass.BaseClass - Launching the Application
2025-07-24 20:59:46.823 [main] INFO  driverManager.DriverManager - Reusing existing driver for thread: 1
2025-07-24 20:59:50.427 [main] INFO  pages.HomePage - Send Username
2025-07-24 20:59:50.588 [main] INFO  pages.HomePage - Username passed
2025-07-24 20:59:50.588 [main] INFO  pages.HomePage - Send Password
2025-07-24 20:59:50.718 [main] INFO  pages.HomePage - Password passed
2025-07-24 20:59:50.718 [main] INFO  pages.HomePage - Click Login Button
2025-07-24 20:59:50.910 [main] INFO  helper.LocalHelper - Clicked using Normal Click
2025-07-24 20:59:50.911 [main] INFO  pages.HomePage - Trying to Enter the Username and password
2025-07-24 20:59:50.985 [main] INFO  driverManager.DriverManager - Quitting driver for thread: 1
2025-07-24 20:59:51.142 [main] INFO  driverManager.DriverManager - Driver quit and removed for thread: 1
2025-07-24 20:59:51.148 [main] INFO  utils.ExtentReportListener - Execution Summary:
2025-07-24 20:59:51.148 [main] INFO  utils.ExtentReportListener - Total Passed Tests: 1
2025-07-24 20:59:51.148 [main] INFO  utils.ExtentReportListener - Total Failed Tests: 1
2025-07-24 20:59:51.149 [main] INFO  utils.ExtentReportListener - Total Skipped Tests: 0
2025-07-24 20:59:51.149 [main] INFO  listener.Listener - Execution finished 
2025-07-24 20:59:51.169 [main] ERROR baseClass.BaseClass - Failed to generate Allure report: Cannot run program "allure" (in directory "C:\Users\ayyappan.g.DC\eclipse-workspace\SA-QA-Ayyappan Gunasekaran"): CreateProcess error=2, The system cannot find the file specified
2025-07-24 20:59:51.175 [main] ERROR baseClass.BaseClass - Failed to create zip file: C:\Users\ayyappan.g.DC\eclipse-workspace\SA-QA-Ayyappan Gunasekaran\allure-report
2025-07-24 20:59:54.361 [main] INFO  baseClass.BaseClass - Email sent successfully
2025-07-24 21:00:32.931 [main] INFO  listener.Listener - Test case started : Suite running
2025-07-24 21:00:32.952 [main] INFO  baseClass.BaseClass - Before suite running
2025-07-24 21:00:32.955 [main] INFO  utils.CommonUtils - browserName is :chrome
2025-07-24 21:00:32.955 [main] INFO  utils.CommonUtils - ApplicationUrl is :https://www.saucedemo.com/
2025-07-24 21:00:32.971 [main] INFO  driverManager.DriverManager - Initializing driver for thread: 1
2025-07-24 21:00:32.974 [main] INFO  driverManager.DriverFactory - Launching Chrome Browser
2025-07-24 21:00:34.873 [main] INFO  driverManager.DriverManager - Driver initialized for thread: 1
2025-07-24 21:00:34.901 [main] INFO  baseClass.BaseClass - Maximising the window
2025-07-24 21:00:34.902 [main] INFO  driverManager.DriverManager - Reusing existing driver for thread: 1
2025-07-24 21:00:34.943 [main] INFO  driverManager.DriverManager - Reusing existing driver for thread: 1
2025-07-24 21:00:34.948 [main] INFO  baseClass.BaseClass - Launching the Application
2025-07-24 21:00:34.948 [main] INFO  driverManager.DriverManager - Reusing existing driver for thread: 1
2025-07-24 21:00:37.099 [main] INFO  pages.HomePage - Send Username
2025-07-24 21:00:37.297 [main] INFO  pages.HomePage - Username passed
2025-07-24 21:00:37.297 [main] INFO  pages.HomePage - Send Password
2025-07-24 21:00:37.422 [main] INFO  pages.HomePage - Password passed
2025-07-24 21:00:37.422 [main] INFO  pages.HomePage - Click Login Button
2025-07-24 21:00:37.717 [main] INFO  helper.LocalHelper - Clicked using Normal Click
2025-07-24 21:00:37.717 [main] INFO  pages.HomePage - Trying to Select Particular Product
2025-07-24 21:00:37.857 [main] INFO  pages.HomePage - Element Clicked SuccessFully
2025-07-24 21:00:37.858 [main] INFO  pages.HomePage - Trying to Click BCart Button
2025-07-24 21:00:38.065 [main] INFO  helper.LocalHelper - Clicked using Normal Click
2025-07-24 21:00:38.065 [main] INFO  pages.HomePage - Trying to Click Contiune Button
2025-07-24 21:01:38.215 [main] INFO  baseClass.BaseClass - FirstTest.verifyAddDeleteElementFunctionalitiesjava.lang.String,java.lang.String[pri:0, instance:testCases.FirstTest@62c5bbdc]
2025-07-24 21:01:38.216 [main] INFO  driverManager.DriverManager - Reusing existing driver for thread: 1
2025-07-24 21:01:38.415 [main] INFO  baseClass.BaseClass - screenshot absolute path is :C:\Users\ayyappan.g.DC\eclipse-workspace\SA-QA-Ayyappan Gunasekaran\target\screenshots\verifyAddDeleteElementFunctionalities.png
2025-07-24 21:01:38.423 [main] INFO  driverManager.DriverManager - Reusing existing driver for thread: 1
2025-07-24 21:01:38.601 [main] INFO  driverManager.DriverManager - Quitting driver for thread: 1
2025-07-24 21:01:38.839 [main] INFO  driverManager.DriverManager - Driver quit and removed for thread: 1
2025-07-24 21:01:38.849 [main] INFO  driverManager.DriverManager - Initializing driver for thread: 1
2025-07-24 21:01:38.849 [main] INFO  driverManager.DriverFactory - Launching Chrome Browser
2025-07-24 21:01:40.379 [main] INFO  driverManager.DriverManager - Driver initialized for thread: 1
2025-07-24 21:01:40.381 [main] INFO  baseClass.BaseClass - Maximising the window
2025-07-24 21:01:40.381 [main] INFO  driverManager.DriverManager - Reusing existing driver for thread: 1
2025-07-24 21:01:40.428 [main] INFO  driverManager.DriverManager - Reusing existing driver for thread: 1
2025-07-24 21:01:40.432 [main] INFO  baseClass.BaseClass - Launching the Application
2025-07-24 21:01:40.432 [main] INFO  driverManager.DriverManager - Reusing existing driver for thread: 1
2025-07-24 21:01:44.225 [main] INFO  pages.HomePage - Send Username
2025-07-24 21:01:44.403 [main] INFO  pages.HomePage - Username passed
2025-07-24 21:01:44.404 [main] INFO  pages.HomePage - Send Password
2025-07-24 21:01:44.533 [main] INFO  pages.HomePage - Password passed
2025-07-24 21:01:44.533 [main] INFO  pages.HomePage - Click Login Button
2025-07-24 21:01:44.791 [main] INFO  helper.LocalHelper - Clicked using Normal Click
2025-07-24 21:01:44.791 [main] INFO  pages.HomePage - Trying to Enter the Username and password
2025-07-24 21:01:44.868 [main] INFO  driverManager.DriverManager - Quitting driver for thread: 1
2025-07-24 21:01:45.058 [main] INFO  driverManager.DriverManager - Driver quit and removed for thread: 1
2025-07-24 21:01:45.062 [main] INFO  utils.ExtentReportListener - Execution Summary:
2025-07-24 21:01:45.062 [main] INFO  utils.ExtentReportListener - Total Passed Tests: 1
2025-07-24 21:01:45.062 [main] INFO  utils.ExtentReportListener - Total Failed Tests: 1
2025-07-24 21:01:45.062 [main] INFO  utils.ExtentReportListener - Total Skipped Tests: 0
2025-07-24 21:01:45.063 [main] INFO  listener.Listener - Execution finished 
2025-07-24 21:01:45.084 [main] ERROR baseClass.BaseClass - Failed to generate Allure report: Cannot run program "allure" (in directory "C:\Users\ayyappan.g.DC\eclipse-workspace\SA-QA-Ayyappan Gunasekaran"): CreateProcess error=2, The system cannot find the file specified
2025-07-24 21:01:45.091 [main] ERROR baseClass.BaseClass - Failed to create zip file: C:\Users\ayyappan.g.DC\eclipse-workspace\SA-QA-Ayyappan Gunasekaran\allure-report
2025-07-24 21:01:51.313 [main] INFO  baseClass.BaseClass - Email sent successfully
2025-07-24 21:16:33.194 [main] INFO  listener.Listener - Test case started : Suite running
2025-07-24 21:16:33.215 [main] INFO  baseClass.BaseClass - Before suite running
2025-07-24 21:16:33.217 [main] INFO  utils.CommonUtils - browserName is :chrome
2025-07-24 21:16:33.217 [main] INFO  utils.CommonUtils - ApplicationUrl is :https://www.saucedemo.com/
2025-07-24 21:16:33.234 [main] INFO  driverManager.DriverManager - Initializing driver for thread: 1
2025-07-24 21:16:33.237 [main] INFO  driverManager.DriverFactory - Launching Chrome Browser
2025-07-24 21:16:35.269 [main] INFO  driverManager.DriverManager - Driver initialized for thread: 1
2025-07-24 21:16:35.291 [main] INFO  baseClass.BaseClass - Maximising the window
2025-07-24 21:16:35.292 [main] INFO  driverManager.DriverManager - Reusing existing driver for thread: 1
2025-07-24 21:16:35.332 [main] INFO  driverManager.DriverManager - Reusing existing driver for thread: 1
2025-07-24 21:16:35.337 [main] INFO  baseClass.BaseClass - Launching the Application
2025-07-24 21:16:35.339 [main] INFO  driverManager.DriverManager - Reusing existing driver for thread: 1
2025-07-24 21:16:36.048 [main] INFO  pages.HomePage - Send Username
2025-07-24 21:16:36.197 [main] INFO  pages.HomePage - Username passed
2025-07-24 21:16:36.197 [main] INFO  pages.HomePage - Send Password
2025-07-24 21:16:36.367 [main] INFO  pages.HomePage - Password passed
2025-07-24 21:16:36.367 [main] INFO  pages.HomePage - Click Login Button
2025-07-24 21:16:36.782 [main] INFO  helper.LocalHelper - Clicked using Normal Click
2025-07-24 21:16:36.783 [main] INFO  pages.HomePage - Trying to Select Particular Product
2025-07-24 21:16:36.939 [main] INFO  pages.HomePage - Element Clicked SuccessFully
2025-07-24 21:16:36.939 [main] INFO  pages.HomePage - Trying to Click BCart Button
2025-07-24 21:16:37.117 [main] INFO  helper.LocalHelper - Clicked using Normal Click
2025-07-24 21:16:37.117 [main] INFO  pages.HomePage - Trying to Click Contiune Button
2025-07-24 21:17:20.824 [main] INFO  listener.Listener - Test case started : Suite running
2025-07-24 21:17:20.847 [main] INFO  baseClass.BaseClass - Before suite running
2025-07-24 21:17:20.851 [main] INFO  utils.CommonUtils - browserName is :chrome
2025-07-24 21:17:20.852 [main] INFO  utils.CommonUtils - ApplicationUrl is :https://www.saucedemo.com/
2025-07-24 21:17:20.872 [main] INFO  driverManager.DriverManager - Initializing driver for thread: 1
2025-07-24 21:17:20.876 [main] INFO  driverManager.DriverFactory - Launching Chrome Browser
2025-07-24 21:17:23.083 [main] INFO  driverManager.DriverManager - Driver initialized for thread: 1
2025-07-24 21:17:23.105 [main] INFO  baseClass.BaseClass - Maximising the window
2025-07-24 21:17:23.106 [main] INFO  driverManager.DriverManager - Reusing existing driver for thread: 1
2025-07-24 21:17:23.142 [main] INFO  driverManager.DriverManager - Reusing existing driver for thread: 1
2025-07-24 21:17:23.147 [main] INFO  baseClass.BaseClass - Launching the Application
2025-07-24 21:17:23.147 [main] INFO  driverManager.DriverManager - Reusing existing driver for thread: 1
2025-07-24 21:17:23.869 [main] INFO  pages.HomePage - Send Username
2025-07-24 21:17:24.021 [main] INFO  pages.HomePage - Username passed
2025-07-24 21:17:24.022 [main] INFO  pages.HomePage - Send Password
2025-07-24 21:17:24.157 [main] INFO  pages.HomePage - Password passed
2025-07-24 21:17:24.158 [main] INFO  pages.HomePage - Click Login Button
2025-07-24 21:17:24.522 [main] INFO  helper.LocalHelper - Clicked using Normal Click
2025-07-24 21:17:24.522 [main] INFO  pages.HomePage - Trying to Select Particular Product
2025-07-24 21:17:24.695 [main] INFO  pages.HomePage - Element Clicked SuccessFully
2025-07-24 21:17:24.695 [main] INFO  pages.HomePage - Trying to Click BCart Button
2025-07-24 21:17:24.948 [main] INFO  helper.LocalHelper - Clicked using Normal Click
2025-07-24 21:17:24.949 [main] INFO  pages.HomePage - Trying to Click Checkout Button
2025-07-24 21:17:25.228 [main] INFO  helper.LocalHelper - Clicked using Normal Click
2025-07-24 21:17:25.228 [main] INFO  pages.HomePage - Trying to Click Contiune Button
2025-07-24 21:17:25.483 [main] INFO  helper.LocalHelper - Clicked using Normal Click
2025-07-24 21:17:25.483 [main] INFO  pages.HomePage - Trying to Click Checkout Button
2025-07-24 21:17:26.155 [main] INFO  pages.HomePage - Trying to Click Finish Button
2025-07-24 21:17:32.474 [main] INFO  helper.LocalHelper - Clicked using Normal Click
2025-07-24 21:17:32.474 [main] INFO  pages.HomePage - Fetch Text from success message
2025-07-24 21:17:32.559 [main] INFO  driverManager.DriverManager - Quitting driver for thread: 1
2025-07-24 21:17:32.765 [main] INFO  driverManager.DriverManager - Driver quit and removed for thread: 1
2025-07-24 21:17:32.771 [main] INFO  driverManager.DriverManager - Initializing driver for thread: 1
2025-07-24 21:17:32.772 [main] INFO  driverManager.DriverFactory - Launching Chrome Browser
2025-07-24 21:17:34.456 [main] INFO  driverManager.DriverManager - Driver initialized for thread: 1
2025-07-24 21:17:34.457 [main] INFO  baseClass.BaseClass - Maximising the window
2025-07-24 21:17:34.458 [main] INFO  driverManager.DriverManager - Reusing existing driver for thread: 1
2025-07-24 21:17:34.862 [main] ERROR listener.Listener - Test case Skipped : FirstTest.invalidLoginScenario()[pri:1, instance:testCases.FirstTest@182b435b]
2025-07-24 21:17:34.866 [main] INFO  baseClass.BaseClass - FirstTest.invalidLoginScenario[pri:1, instance:testCases.FirstTest@182b435b]
2025-07-24 21:17:34.867 [main] INFO  driverManager.DriverManager - Reusing existing driver for thread: 1
2025-07-24 21:17:34.960 [main] INFO  baseClass.BaseClass - screenshot absolute path is :C:\Users\ayyappan.g.DC\eclipse-workspace\SA-QA-Ayyappan Gunasekaran\target\screenshots\invalidLoginScenario.png
2025-07-24 21:17:34.965 [main] INFO  driverManager.DriverManager - Reusing existing driver for thread: 1
2025-07-24 21:17:35.049 [main] INFO  driverManager.DriverManager - Quitting driver for thread: 1
2025-07-24 21:17:35.205 [main] INFO  driverManager.DriverManager - Driver quit and removed for thread: 1
2025-07-24 21:17:35.210 [main] INFO  utils.ExtentReportListener - Execution Summary:
2025-07-24 21:17:35.210 [main] INFO  utils.ExtentReportListener - Total Passed Tests: 1
2025-07-24 21:17:35.210 [main] INFO  utils.ExtentReportListener - Total Failed Tests: 0
2025-07-24 21:17:35.211 [main] INFO  utils.ExtentReportListener - Total Skipped Tests: 1
2025-07-24 21:17:35.211 [main] INFO  listener.Listener - Execution finished 
2025-07-24 21:17:35.222 [main] ERROR baseClass.BaseClass - Failed to generate Allure report: Cannot run program "allure" (in directory "C:\Users\ayyappan.g.DC\eclipse-workspace\SA-QA-Ayyappan Gunasekaran"): CreateProcess error=2, The system cannot find the file specified
2025-07-24 21:17:35.228 [main] ERROR baseClass.BaseClass - Failed to create zip file: C:\Users\ayyappan.g.DC\eclipse-workspace\SA-QA-Ayyappan Gunasekaran\allure-report
2025-07-24 21:17:37.413 [main] INFO  baseClass.BaseClass - Email sent successfully
2025-07-24 21:18:42.846 [main] INFO  listener.Listener - Test case started : Suite running
2025-07-24 21:18:42.867 [main] INFO  baseClass.BaseClass - Before suite running
2025-07-24 21:18:42.869 [main] INFO  utils.CommonUtils - browserName is :chrome
2025-07-24 21:18:42.870 [main] INFO  utils.CommonUtils - ApplicationUrl is :https://www.saucedemo.com/
2025-07-24 21:18:42.885 [main] INFO  driverManager.DriverManager - Initializing driver for thread: 1
2025-07-24 21:18:42.888 [main] INFO  driverManager.DriverFactory - Launching Chrome Browser
2025-07-24 21:18:44.925 [main] INFO  driverManager.DriverManager - Driver initialized for thread: 1
2025-07-24 21:18:44.950 [main] INFO  baseClass.BaseClass - Maximising the window
2025-07-24 21:18:44.950 [main] INFO  driverManager.DriverManager - Reusing existing driver for thread: 1
2025-07-24 21:18:44.987 [main] INFO  driverManager.DriverManager - Reusing existing driver for thread: 1
2025-07-24 21:18:44.992 [main] INFO  baseClass.BaseClass - Launching the Application
2025-07-24 21:18:44.992 [main] INFO  driverManager.DriverManager - Reusing existing driver for thread: 1
2025-07-24 21:18:45.780 [main] INFO  pages.HomePage - Send Username
2025-07-24 21:18:45.962 [main] INFO  pages.HomePage - Username passed
2025-07-24 21:18:45.962 [main] INFO  pages.HomePage - Send Password
2025-07-24 21:18:46.135 [main] INFO  pages.HomePage - Password passed
2025-07-24 21:18:46.136 [main] INFO  pages.HomePage - Click Login Button
2025-07-24 21:18:46.367 [main] INFO  helper.LocalHelper - Clicked using Normal Click
2025-07-24 21:18:46.367 [main] INFO  pages.HomePage - Trying to Select Particular Product
2025-07-24 21:18:46.561 [main] INFO  pages.HomePage - Element Clicked SuccessFully
2025-07-24 21:18:46.561 [main] INFO  pages.HomePage - Trying to Click BCart Button
2025-07-24 21:18:46.784 [main] INFO  helper.LocalHelper - Clicked using Normal Click
2025-07-24 21:18:46.785 [main] INFO  pages.HomePage - Trying to Click Checkout Button
2025-07-24 21:18:47.034 [main] INFO  helper.LocalHelper - Clicked using Normal Click
2025-07-24 21:18:47.034 [main] INFO  pages.HomePage - Trying to Click Checkout Button
2025-07-24 21:18:47.591 [main] INFO  pages.HomePage - Trying to Click Contiune Button
2025-07-24 21:18:47.776 [main] INFO  helper.LocalHelper - Clicked using Normal Click
2025-07-24 21:18:47.777 [main] INFO  pages.HomePage - Trying to Click Finish Button
2025-07-24 21:18:48.011 [main] INFO  helper.LocalHelper - Clicked using Normal Click
2025-07-24 21:18:48.011 [main] INFO  pages.HomePage - Fetch Text from success message
2025-07-24 21:18:48.089 [main] INFO  driverManager.DriverManager - Quitting driver for thread: 1
2025-07-24 21:18:48.278 [main] INFO  driverManager.DriverManager - Driver quit and removed for thread: 1
2025-07-24 21:18:48.285 [main] INFO  driverManager.DriverManager - Initializing driver for thread: 1
2025-07-24 21:18:48.285 [main] INFO  driverManager.DriverFactory - Launching Chrome Browser
2025-07-24 21:18:49.850 [main] INFO  driverManager.DriverManager - Driver initialized for thread: 1
2025-07-24 21:18:49.851 [main] INFO  baseClass.BaseClass - Maximising the window
2025-07-24 21:18:49.851 [main] INFO  driverManager.DriverManager - Reusing existing driver for thread: 1
2025-07-24 21:18:49.895 [main] INFO  driverManager.DriverManager - Reusing existing driver for thread: 1
2025-07-24 21:18:49.898 [main] INFO  baseClass.BaseClass - Launching the Application
2025-07-24 21:18:49.898 [main] INFO  driverManager.DriverManager - Reusing existing driver for thread: 1
2025-07-24 21:18:50.676 [main] INFO  pages.HomePage - Send Username
2025-07-24 21:18:50.821 [main] INFO  pages.HomePage - Username passed
2025-07-24 21:18:50.821 [main] INFO  pages.HomePage - Send Password
2025-07-24 21:18:50.928 [main] INFO  pages.HomePage - Password passed
2025-07-24 21:18:50.928 [main] INFO  pages.HomePage - Click Login Button
2025-07-24 21:18:51.108 [main] INFO  helper.LocalHelper - Clicked using Normal Click
2025-07-24 21:18:51.110 [main] INFO  pages.HomePage - Trying to Enter the Username and password
2025-07-24 21:18:51.159 [main] INFO  driverManager.DriverManager - Quitting driver for thread: 1
2025-07-24 21:18:51.333 [main] INFO  driverManager.DriverManager - Driver quit and removed for thread: 1
2025-07-24 21:18:51.339 [main] INFO  utils.ExtentReportListener - Execution Summary:
2025-07-24 21:18:51.339 [main] INFO  utils.ExtentReportListener - Total Passed Tests: 2
2025-07-24 21:18:51.339 [main] INFO  utils.ExtentReportListener - Total Failed Tests: 0
2025-07-24 21:18:51.340 [main] INFO  utils.ExtentReportListener - Total Skipped Tests: 0
2025-07-24 21:18:51.340 [main] INFO  listener.Listener - Execution finished 
2025-07-24 21:18:51.358 [main] ERROR baseClass.BaseClass - Failed to generate Allure report: Cannot run program "allure" (in directory "C:\Users\ayyappan.g.DC\eclipse-workspace\SA-QA-Ayyappan Gunasekaran"): CreateProcess error=2, The system cannot find the file specified
2025-07-24 21:18:51.364 [main] ERROR baseClass.BaseClass - Failed to create zip file: C:\Users\ayyappan.g.DC\eclipse-workspace\SA-QA-Ayyappan Gunasekaran\allure-report
2025-07-24 21:18:52.991 [main] INFO  baseClass.BaseClass - Email sent successfully
2025-07-24 21:19:04.293 [main] INFO  listener.Listener - Test case started : Suite running
2025-07-24 21:19:04.318 [main] INFO  baseClass.BaseClass - Before suite running
2025-07-24 21:19:04.321 [main] INFO  utils.CommonUtils - browserName is :chrome
2025-07-24 21:19:04.321 [main] INFO  utils.CommonUtils - ApplicationUrl is :https://www.saucedemo.com/
2025-07-24 21:19:04.337 [main] INFO  driverManager.DriverManager - Initializing driver for thread: 1
2025-07-24 21:19:04.340 [main] INFO  driverManager.DriverFactory - Launching Chrome Browser
2025-07-24 21:19:06.232 [main] INFO  driverManager.DriverManager - Driver initialized for thread: 1
2025-07-24 21:19:06.255 [main] INFO  baseClass.BaseClass - Maximising the window
2025-07-24 21:19:06.256 [main] INFO  driverManager.DriverManager - Reusing existing driver for thread: 1
2025-07-24 21:19:06.291 [main] INFO  driverManager.DriverManager - Reusing existing driver for thread: 1
2025-07-24 21:19:06.295 [main] INFO  baseClass.BaseClass - Launching the Application
2025-07-24 21:19:06.296 [main] INFO  driverManager.DriverManager - Reusing existing driver for thread: 1
2025-07-24 21:19:07.074 [main] INFO  pages.HomePage - Send Username
2025-07-24 21:19:07.241 [main] INFO  pages.HomePage - Username passed
2025-07-24 21:19:07.242 [main] INFO  pages.HomePage - Send Password
2025-07-24 21:19:07.433 [main] INFO  pages.HomePage - Password passed
2025-07-24 21:19:07.434 [main] INFO  pages.HomePage - Click Login Button
2025-07-24 21:19:07.708 [main] INFO  helper.LocalHelper - Clicked using Normal Click
2025-07-24 21:19:07.709 [main] INFO  pages.HomePage - Trying to Select Particular Product
2025-07-24 21:19:07.842 [main] INFO  pages.HomePage - Element Clicked SuccessFully
2025-07-24 21:19:07.842 [main] INFO  pages.HomePage - Trying to Click BCart Button
2025-07-24 21:19:08.020 [main] INFO  helper.LocalHelper - Clicked using Normal Click
2025-07-24 21:19:08.021 [main] INFO  pages.HomePage - Trying to Click Checkout Button
2025-07-24 21:19:08.205 [main] INFO  helper.LocalHelper - Clicked using Normal Click
2025-07-24 21:19:08.205 [main] INFO  pages.HomePage - Trying to Click Checkout Button
2025-07-24 21:19:08.850 [main] INFO  pages.HomePage - Trying to Click Contiune Button
2025-07-24 21:19:09.026 [main] INFO  helper.LocalHelper - Clicked using Normal Click
2025-07-24 21:19:09.027 [main] INFO  pages.HomePage - Trying to Click Finish Button
2025-07-24 21:19:09.318 [main] INFO  helper.LocalHelper - Clicked using Normal Click
2025-07-24 21:19:09.318 [main] INFO  pages.HomePage - Fetch Text from success message
2025-07-24 21:19:09.373 [main] INFO  driverManager.DriverManager - Quitting driver for thread: 1
2025-07-24 21:19:09.564 [main] INFO  driverManager.DriverManager - Driver quit and removed for thread: 1
2025-07-24 21:19:09.573 [main] INFO  driverManager.DriverManager - Initializing driver for thread: 1
2025-07-24 21:19:09.574 [main] INFO  driverManager.DriverFactory - Launching Chrome Browser
2025-07-24 21:19:11.209 [main] INFO  driverManager.DriverManager - Driver initialized for thread: 1
2025-07-24 21:19:11.210 [main] INFO  baseClass.BaseClass - Maximising the window
2025-07-24 21:19:11.210 [main] INFO  driverManager.DriverManager - Reusing existing driver for thread: 1
2025-07-24 21:19:11.250 [main] INFO  driverManager.DriverManager - Reusing existing driver for thread: 1
2025-07-24 21:19:11.254 [main] INFO  baseClass.BaseClass - Launching the Application
2025-07-24 21:19:11.254 [main] INFO  driverManager.DriverManager - Reusing existing driver for thread: 1
2025-07-24 21:19:11.890 [main] INFO  pages.HomePage - Send Username
2025-07-24 21:19:12.041 [main] INFO  pages.HomePage - Username passed
2025-07-24 21:19:12.041 [main] INFO  pages.HomePage - Send Password
2025-07-24 21:19:12.152 [main] INFO  pages.HomePage - Password passed
2025-07-24 21:19:12.152 [main] INFO  pages.HomePage - Click Login Button
2025-07-24 21:19:12.340 [main] INFO  helper.LocalHelper - Clicked using Normal Click
2025-07-24 21:19:12.340 [main] INFO  pages.HomePage - Trying to Enter the Username and password
2025-07-24 21:19:12.390 [main] INFO  driverManager.DriverManager - Quitting driver for thread: 1
2025-07-24 21:19:12.565 [main] INFO  driverManager.DriverManager - Driver quit and removed for thread: 1
2025-07-24 21:19:12.571 [main] INFO  utils.ExtentReportListener - Execution Summary:
2025-07-24 21:19:12.571 [main] INFO  utils.ExtentReportListener - Total Passed Tests: 2
2025-07-24 21:19:12.572 [main] INFO  utils.ExtentReportListener - Total Failed Tests: 0
2025-07-24 21:19:12.572 [main] INFO  utils.ExtentReportListener - Total Skipped Tests: 0
2025-07-24 21:19:12.572 [main] INFO  listener.Listener - Execution finished 
2025-07-24 21:19:12.594 [main] ERROR baseClass.BaseClass - Failed to generate Allure report: Cannot run program "allure" (in directory "C:\Users\ayyappan.g.DC\eclipse-workspace\SA-QA-Ayyappan Gunasekaran"): CreateProcess error=2, The system cannot find the file specified
2025-07-24 21:19:12.603 [main] ERROR baseClass.BaseClass - Failed to create zip file: C:\Users\ayyappan.g.DC\eclipse-workspace\SA-QA-Ayyappan Gunasekaran\allure-report
2025-07-24 21:19:13.791 [main] INFO  baseClass.BaseClass - Email sent successfully
